2025/06/15 23:18:24 main.go:19: Starting NameNode...
2025/06/15 23:18:24 server.go:65: NameNode starting on localhost:9000
2025/06/15 23:18:26 server.go:435: RegisterDataNode: id=datanode1, address=localhost:9001, capacity=100.0 GB
2025/06/15 23:18:27 server.go:435: RegisterDataNode: id=datanode2, address=localhost:9002, capacity=100.0 GB
2025/06/15 23:18:28 server.go:435: RegisterDataNode: id=datanode3, address=localhost:9003, capacity=100.0 GB
2025/06/15 23:18:37 server.go:120: CreateFile request: path=/test.txt, size=4730, replication=3
2025/06/15 23:18:37 server.go:276: AllocateChunks request: file=/test.txt, size=4730, replication=3
2025/06/15 23:18:37 server.go:207: ListFiles request: path=/
2025/06/15 23:18:37 server.go:174: GetFileInfo request: path=/test.txt
2025/06/15 23:18:37 server.go:174: GetFileInfo request: path=/test.txt
2025/06/15 23:18:37 server.go:364: GetChunkLocations request: file=/test.txt
2025/06/15 23:18:37 server.go:239: DeleteFile request: path=/test.txt
2025/06/15 23:18:54 replication.go:65: Checking replication status...
2025/06/15 23:18:54 replication.go:100: Checking 1 chunks for under-replication
2025/06/15 23:19:08 server.go:120: CreateFile request: path=/remote_README.md, size=3145, replication=3
2025/06/15 23:19:08 server.go:276: AllocateChunks request: file=/remote_README.md, size=3145, replication=3
2025/06/15 23:19:13 server.go:207: ListFiles request: path=/
2025/06/15 23:19:24 replication.go:65: Checking replication status...
2025/06/15 23:19:24 replication.go:100: Checking 2 chunks for under-replication
2025/06/15 23:19:25 server.go:174: GetFileInfo request: path=/remote_README.md
2025/06/15 23:19:54 replication.go:65: Checking replication status...
2025/06/15 23:19:54 replication.go:100: Checking 2 chunks for under-replication
2025/06/15 23:20:24 replication.go:65: Checking replication status...
2025/06/15 23:20:24 replication.go:100: Checking 2 chunks for under-replication
2025/06/15 23:20:54 replication.go:65: Checking replication status...
2025/06/15 23:20:54 replication.go:100: Checking 2 chunks for under-replication
2025/06/15 23:21:24 replication.go:65: Checking replication status...
2025/06/15 23:21:24 replication.go:100: Checking 2 chunks for under-replication
2025/06/15 23:21:54 replication.go:65: Checking replication status...
2025/06/15 23:21:54 replication.go:100: Checking 2 chunks for under-replication
2025/06/15 23:22:24 replication.go:65: Checking replication status...
2025/06/15 23:22:24 replication.go:100: Checking 2 chunks for under-replication
2025/06/15 23:22:54 replication.go:65: Checking replication status...
2025/06/15 23:22:54 replication.go:100: Checking 2 chunks for under-replication
2025/06/15 23:23:24 replication.go:65: Checking replication status...
2025/06/15 23:23:24 replication.go:100: Checking 2 chunks for under-replication
2025/06/15 23:23:54 replication.go:65: Checking replication status...
2025/06/15 23:23:54 replication.go:100: Checking 2 chunks for under-replication
2025/06/15 23:24:24 replication.go:65: Checking replication status...
2025/06/15 23:24:24 replication.go:100: Checking 2 chunks for under-replication
2025/06/15 23:24:54 replication.go:65: Checking replication status...
2025/06/15 23:24:54 replication.go:100: Checking 2 chunks for under-replication
2025/06/15 23:25:24 replication.go:65: Checking replication status...
2025/06/15 23:25:24 replication.go:100: Checking 2 chunks for under-replication
2025/06/15 23:25:54 replication.go:65: Checking replication status...
2025/06/15 23:25:54 replication.go:100: Checking 2 chunks for under-replication
2025/06/15 23:26:24 replication.go:65: Checking replication status...
2025/06/15 23:26:24 replication.go:100: Checking 2 chunks for under-replication
2025/06/15 23:26:54 replication.go:65: Checking replication status...
2025/06/15 23:26:54 replication.go:100: Checking 2 chunks for under-replication
2025/06/15 23:27:24 replication.go:65: Checking replication status...
2025/06/15 23:27:24 replication.go:100: Checking 2 chunks for under-replication
2025/06/15 23:27:54 replication.go:65: Checking replication status...
2025/06/15 23:27:54 replication.go:100: Checking 2 chunks for under-replication
2025/06/15 23:28:24 replication.go:65: Checking replication status...
2025/06/15 23:28:24 replication.go:100: Checking 2 chunks for under-replication
2025/06/15 23:28:54 replication.go:65: Checking replication status...
2025/06/15 23:28:54 replication.go:100: Checking 2 chunks for under-replication
2025/06/15 23:29:24 replication.go:65: Checking replication status...
2025/06/15 23:29:24 replication.go:100: Checking 2 chunks for under-replication
2025/06/15 23:29:54 replication.go:65: Checking replication status...
2025/06/15 23:29:54 replication.go:100: Checking 2 chunks for under-replication
2025/06/15 23:30:24 replication.go:65: Checking replication status...
2025/06/15 23:30:24 replication.go:100: Checking 2 chunks for under-replication
2025/06/15 23:30:54 replication.go:65: Checking replication status...
2025/06/15 23:30:54 replication.go:100: Checking 2 chunks for under-replication
2025/06/15 23:31:24 replication.go:65: Checking replication status...
2025/06/15 23:31:24 replication.go:100: Checking 2 chunks for under-replication
2025/06/15 23:31:54 replication.go:65: Checking replication status...
2025/06/15 23:31:54 replication.go:100: Checking 2 chunks for under-replication
2025/06/15 23:32:24 replication.go:65: Checking replication status...
2025/06/15 23:32:24 replication.go:100: Checking 2 chunks for under-replication
2025/06/15 23:32:54 replication.go:65: Checking replication status...
2025/06/15 23:32:54 replication.go:100: Checking 2 chunks for under-replication
2025/06/15 23:33:24 replication.go:65: Checking replication status...
2025/06/15 23:33:24 replication.go:100: Checking 2 chunks for under-replication
2025/06/15 23:33:54 replication.go:65: Checking replication status...
2025/06/15 23:33:54 replication.go:100: Checking 2 chunks for under-replication
2025/06/15 23:34:24 replication.go:65: Checking replication status...
2025/06/15 23:34:24 replication.go:100: Checking 2 chunks for under-replication
2025/06/15 23:50:53 replication.go:65: Checking replication status...
2025/06/15 23:50:53 replication.go:100: Checking 2 chunks for under-replication
2025/06/15 23:51:23 replication.go:65: Checking replication status...
2025/06/15 23:51:23 replication.go:100: Checking 2 chunks for under-replication
2025/06/15 23:56:52 replication.go:65: Checking replication status...
2025/06/15 23:56:52 replication.go:100: Checking 2 chunks for under-replication
2025/06/15 23:57:22 replication.go:65: Checking replication status...
2025/06/15 23:57:22 replication.go:100: Checking 2 chunks for under-replication
2025/06/15 23:57:52 replication.go:65: Checking replication status...
2025/06/15 23:57:52 replication.go:100: Checking 2 chunks for under-replication
2025/06/15 23:58:22 replication.go:65: Checking replication status...
2025/06/15 23:58:22 replication.go:100: Checking 2 chunks for under-replication
2025/06/15 23:58:52 replication.go:65: Checking replication status...
2025/06/15 23:58:52 replication.go:100: Checking 2 chunks for under-replication
2025/06/15 23:59:22 replication.go:65: Checking replication status...
2025/06/15 23:59:22 replication.go:100: Checking 2 chunks for under-replication
2025/06/15 23:59:52 replication.go:65: Checking replication status...
2025/06/15 23:59:52 replication.go:100: Checking 2 chunks for under-replication
2025/06/16 00:00:22 replication.go:65: Checking replication status...
2025/06/16 00:00:22 replication.go:100: Checking 2 chunks for under-replication
2025/06/16 00:00:52 replication.go:65: Checking replication status...
2025/06/16 00:00:52 replication.go:100: Checking 2 chunks for under-replication
2025/06/16 00:01:22 replication.go:65: Checking replication status...
2025/06/16 00:01:22 replication.go:100: Checking 2 chunks for under-replication
2025/06/16 00:01:52 replication.go:65: Checking replication status...
2025/06/16 00:01:52 replication.go:100: Checking 2 chunks for under-replication
2025/06/16 00:02:22 replication.go:65: Checking replication status...
2025/06/16 00:02:22 replication.go:100: Checking 2 chunks for under-replication
2025/06/16 00:02:52 replication.go:65: Checking replication status...
2025/06/16 00:02:52 replication.go:100: Checking 2 chunks for under-replication
2025/06/16 00:03:22 replication.go:65: Checking replication status...
2025/06/16 00:03:22 replication.go:100: Checking 2 chunks for under-replication
2025/06/16 00:03:52 replication.go:65: Checking replication status...
2025/06/16 00:03:52 replication.go:100: Checking 2 chunks for under-replication
2025/06/16 00:04:22 replication.go:65: Checking replication status...
2025/06/16 00:04:22 replication.go:100: Checking 2 chunks for under-replication
2025/06/16 00:04:52 replication.go:65: Checking replication status...
2025/06/16 00:04:52 replication.go:100: Checking 2 chunks for under-replication
2025/06/16 00:05:22 replication.go:65: Checking replication status...
2025/06/16 00:05:22 replication.go:100: Checking 2 chunks for under-replication
2025/06/16 00:05:52 replication.go:65: Checking replication status...
2025/06/16 00:05:52 replication.go:100: Checking 2 chunks for under-replication
2025/06/16 00:06:07 server.go:120: CreateFile request: path=/test/small.txt, size=511, replication=3
2025/06/16 00:06:07 server.go:276: AllocateChunks request: file=/test/small.txt, size=511, replication=3
2025/06/16 00:06:07 server.go:120: CreateFile request: path=/test/medium.txt, size=93893, replication=3
2025/06/16 00:06:07 server.go:276: AllocateChunks request: file=/test/medium.txt, size=93893, replication=3
2025/06/16 00:06:07 server.go:120: CreateFile request: path=/test/large.txt, size=713893, replication=3
2025/06/16 00:06:07 server.go:276: AllocateChunks request: file=/test/large.txt, size=713893, replication=3
2025/06/16 00:06:07 server.go:207: ListFiles request: path=/test/
2025/06/16 00:06:10 server.go:174: GetFileInfo request: path=/test/small.txt
2025/06/16 00:06:10 server.go:364: GetChunkLocations request: file=/test/small.txt
2025/06/16 00:06:10 server.go:174: GetFileInfo request: path=/test/medium.txt
2025/06/16 00:06:10 server.go:364: GetChunkLocations request: file=/test/medium.txt
2025/06/16 00:06:14 server.go:120: CreateFile request: path=/test/new_during_failure.txt, size=28, replication=3
2025/06/16 00:06:14 server.go:276: AllocateChunks request: file=/test/new_during_failure.txt, size=28, replication=3
2025/06/16 00:06:14 server.go:174: GetFileInfo request: path=/test/large.txt
2025/06/16 00:06:14 server.go:364: GetChunkLocations request: file=/test/large.txt
2025/06/16 00:06:14 server.go:435: RegisterDataNode: id=datanode1, address=localhost:9001, capacity=100.0 GB
2025/06/16 00:06:22 replication.go:65: Checking replication status...
2025/06/16 00:06:22 replication.go:100: Checking 6 chunks for under-replication
2025/06/16 00:06:52 replication.go:65: Checking replication status...
2025/06/16 00:06:52 replication.go:100: Checking 6 chunks for under-replication
2025/06/16 00:07:22 replication.go:65: Checking replication status...
2025/06/16 00:07:22 replication.go:100: Checking 6 chunks for under-replication
2025/06/16 00:07:52 replication.go:65: Checking replication status...
2025/06/16 00:07:52 replication.go:100: Checking 6 chunks for under-replication
2025/06/16 00:08:22 server.go:108: DataNode datanode1 marked as dead (last heartbeat: 2025-06-16 00:06:14.467068 +0900 JST m=+1612.119109084)
2025/06/16 00:08:22 server.go:108: DataNode datanode2 marked as dead (last heartbeat: 2025-06-16 00:05:54.943733 +0900 JST m=+1592.595464251)
2025/06/16 00:08:22 replication.go:65: Checking replication status...
2025/06/16 00:08:22 replication.go:100: Checking 6 chunks for under-replication
2025/06/16 00:08:52 server.go:108: DataNode datanode1 marked as dead (last heartbeat: 2025-06-16 00:06:14.467068 +0900 JST m=+1612.119109084)
2025/06/16 00:08:52 server.go:108: DataNode datanode2 marked as dead (last heartbeat: 2025-06-16 00:05:54.943733 +0900 JST m=+1592.595464251)
2025/06/16 00:08:52 replication.go:65: Checking replication status...
2025/06/16 00:08:52 replication.go:100: Checking 6 chunks for under-replication
2025/06/16 00:09:22 server.go:108: DataNode datanode1 marked as dead (last heartbeat: 2025-06-16 00:06:14.467068 +0900 JST m=+1612.119109084)
2025/06/16 00:09:22 server.go:108: DataNode datanode2 marked as dead (last heartbeat: 2025-06-16 00:05:54.943733 +0900 JST m=+1592.595464251)
2025/06/16 00:09:22 replication.go:65: Checking replication status...
2025/06/16 00:09:22 replication.go:100: Checking 6 chunks for under-replication
2025/06/16 00:09:52 server.go:108: DataNode datanode2 marked as dead (last heartbeat: 2025-06-16 00:05:54.943733 +0900 JST m=+1592.595464251)
2025/06/16 00:09:52 server.go:108: DataNode datanode1 marked as dead (last heartbeat: 2025-06-16 00:06:14.467068 +0900 JST m=+1612.119109084)
2025/06/16 00:09:52 replication.go:65: Checking replication status...
2025/06/16 00:09:52 replication.go:100: Checking 6 chunks for under-replication
2025/06/16 00:10:22 server.go:108: DataNode datanode1 marked as dead (last heartbeat: 2025-06-16 00:06:14.467068 +0900 JST m=+1612.119109084)
2025/06/16 00:10:22 server.go:108: DataNode datanode2 marked as dead (last heartbeat: 2025-06-16 00:05:54.943733 +0900 JST m=+1592.595464251)
2025/06/16 00:10:22 replication.go:65: Checking replication status...
2025/06/16 00:10:22 replication.go:100: Checking 6 chunks for under-replication
2025/06/16 00:10:52 server.go:108: DataNode datanode1 marked as dead (last heartbeat: 2025-06-16 00:06:14.467068 +0900 JST m=+1612.119109084)
2025/06/16 00:10:52 server.go:108: DataNode datanode2 marked as dead (last heartbeat: 2025-06-16 00:05:54.943733 +0900 JST m=+1592.595464251)
2025/06/16 00:10:52 replication.go:65: Checking replication status...
2025/06/16 00:10:52 replication.go:100: Checking 6 chunks for under-replication
2025/06/16 00:11:22 server.go:108: DataNode datanode1 marked as dead (last heartbeat: 2025-06-16 00:06:14.467068 +0900 JST m=+1612.119109084)
2025/06/16 00:11:22 server.go:108: DataNode datanode2 marked as dead (last heartbeat: 2025-06-16 00:05:54.943733 +0900 JST m=+1592.595464251)
2025/06/16 00:11:22 replication.go:65: Checking replication status...
2025/06/16 00:11:22 replication.go:100: Checking 6 chunks for under-replication
2025/06/16 00:11:52 server.go:108: DataNode datanode1 marked as dead (last heartbeat: 2025-06-16 00:06:14.467068 +0900 JST m=+1612.119109084)
2025/06/16 00:11:52 server.go:108: DataNode datanode2 marked as dead (last heartbeat: 2025-06-16 00:05:54.943733 +0900 JST m=+1592.595464251)
2025/06/16 00:11:52 replication.go:65: Checking replication status...
2025/06/16 00:11:52 replication.go:100: Checking 6 chunks for under-replication
2025/06/16 00:12:22 server.go:108: DataNode datanode1 marked as dead (last heartbeat: 2025-06-16 00:06:14.467068 +0900 JST m=+1612.119109084)
2025/06/16 00:12:22 server.go:108: DataNode datanode2 marked as dead (last heartbeat: 2025-06-16 00:05:54.943733 +0900 JST m=+1592.595464251)
2025/06/16 00:12:22 replication.go:65: Checking replication status...
2025/06/16 00:12:22 replication.go:100: Checking 6 chunks for under-replication
2025/06/16 00:12:52 server.go:108: DataNode datanode1 marked as dead (last heartbeat: 2025-06-16 00:06:14.467068 +0900 JST m=+1612.119109084)
2025/06/16 00:12:52 server.go:108: DataNode datanode2 marked as dead (last heartbeat: 2025-06-16 00:05:54.943733 +0900 JST m=+1592.595464251)
2025/06/16 00:12:52 replication.go:65: Checking replication status...
2025/06/16 00:12:52 replication.go:100: Checking 6 chunks for under-replication
2025/06/16 00:13:22 server.go:108: DataNode datanode1 marked as dead (last heartbeat: 2025-06-16 00:06:14.467068 +0900 JST m=+1612.119109084)
2025/06/16 00:13:22 server.go:108: DataNode datanode2 marked as dead (last heartbeat: 2025-06-16 00:05:54.943733 +0900 JST m=+1592.595464251)
2025/06/16 00:13:22 replication.go:65: Checking replication status...
2025/06/16 00:13:22 replication.go:100: Checking 6 chunks for under-replication
2025/06/16 00:13:52 server.go:108: DataNode datanode1 marked as dead (last heartbeat: 2025-06-16 00:06:14.467068 +0900 JST m=+1612.119109084)
2025/06/16 00:13:52 server.go:108: DataNode datanode2 marked as dead (last heartbeat: 2025-06-16 00:05:54.943733 +0900 JST m=+1592.595464251)
2025/06/16 00:13:52 replication.go:65: Checking replication status...
2025/06/16 00:13:52 replication.go:100: Checking 6 chunks for under-replication
2025/06/16 00:14:22 server.go:108: DataNode datanode1 marked as dead (last heartbeat: 2025-06-16 00:06:14.467068 +0900 JST m=+1612.119109084)
2025/06/16 00:14:22 server.go:108: DataNode datanode2 marked as dead (last heartbeat: 2025-06-16 00:05:54.943733 +0900 JST m=+1592.595464251)
2025/06/16 00:14:22 replication.go:65: Checking replication status...
2025/06/16 00:14:22 replication.go:100: Checking 6 chunks for under-replication
2025/06/16 00:14:52 server.go:108: DataNode datanode1 marked as dead (last heartbeat: 2025-06-16 00:06:14.467068 +0900 JST m=+1612.119109084)
2025/06/16 00:14:52 server.go:108: DataNode datanode2 marked as dead (last heartbeat: 2025-06-16 00:05:54.943733 +0900 JST m=+1592.595464251)
2025/06/16 00:14:52 replication.go:65: Checking replication status...
2025/06/16 00:14:52 replication.go:100: Checking 6 chunks for under-replication
2025/06/16 00:15:22 server.go:108: DataNode datanode1 marked as dead (last heartbeat: 2025-06-16 00:06:14.467068 +0900 JST m=+1612.119109084)
2025/06/16 00:15:22 server.go:108: DataNode datanode2 marked as dead (last heartbeat: 2025-06-16 00:05:54.943733 +0900 JST m=+1592.595464251)
2025/06/16 00:15:22 replication.go:65: Checking replication status...
2025/06/16 00:15:22 replication.go:100: Checking 6 chunks for under-replication
2025/06/16 00:15:52 server.go:108: DataNode datanode1 marked as dead (last heartbeat: 2025-06-16 00:06:14.467068 +0900 JST m=+1612.119109084)
2025/06/16 00:15:52 server.go:108: DataNode datanode2 marked as dead (last heartbeat: 2025-06-16 00:05:54.943733 +0900 JST m=+1592.595464251)
2025/06/16 00:15:52 replication.go:65: Checking replication status...
2025/06/16 00:15:52 replication.go:100: Checking 6 chunks for under-replication
2025/06/16 00:16:22 server.go:108: DataNode datanode1 marked as dead (last heartbeat: 2025-06-16 00:06:14.467068 +0900 JST m=+1612.119109084)
2025/06/16 00:16:22 server.go:108: DataNode datanode2 marked as dead (last heartbeat: 2025-06-16 00:05:54.943733 +0900 JST m=+1592.595464251)
2025/06/16 00:16:22 replication.go:65: Checking replication status...
2025/06/16 00:16:22 replication.go:100: Checking 6 chunks for under-replication
2025/06/16 00:16:52 server.go:108: DataNode datanode1 marked as dead (last heartbeat: 2025-06-16 00:06:14.467068 +0900 JST m=+1612.119109084)
2025/06/16 00:16:52 server.go:108: DataNode datanode2 marked as dead (last heartbeat: 2025-06-16 00:05:54.943733 +0900 JST m=+1592.595464251)
2025/06/16 00:16:52 replication.go:65: Checking replication status...
2025/06/16 00:16:52 replication.go:100: Checking 6 chunks for under-replication
2025/06/16 00:17:22 server.go:108: DataNode datanode1 marked as dead (last heartbeat: 2025-06-16 00:06:14.467068 +0900 JST m=+1612.119109084)
2025/06/16 00:17:22 server.go:108: DataNode datanode2 marked as dead (last heartbeat: 2025-06-16 00:05:54.943733 +0900 JST m=+1592.595464251)
2025/06/16 00:17:22 replication.go:65: Checking replication status...
2025/06/16 00:17:22 replication.go:100: Checking 6 chunks for under-replication
2025/06/16 00:17:52 server.go:108: DataNode datanode1 marked as dead (last heartbeat: 2025-06-16 00:06:14.467068 +0900 JST m=+1612.119109084)
2025/06/16 00:17:52 server.go:108: DataNode datanode2 marked as dead (last heartbeat: 2025-06-16 00:05:54.943733 +0900 JST m=+1592.595464251)
2025/06/16 00:17:52 replication.go:65: Checking replication status...
2025/06/16 00:17:52 replication.go:100: Checking 6 chunks for under-replication
2025/06/16 00:18:22 server.go:108: DataNode datanode1 marked as dead (last heartbeat: 2025-06-16 00:06:14.467068 +0900 JST m=+1612.119109084)
2025/06/16 00:18:22 server.go:108: DataNode datanode2 marked as dead (last heartbeat: 2025-06-16 00:05:54.943733 +0900 JST m=+1592.595464251)
2025/06/16 00:18:22 replication.go:65: Checking replication status...
2025/06/16 00:18:22 replication.go:100: Checking 6 chunks for under-replication
2025/06/16 00:18:52 server.go:108: DataNode datanode1 marked as dead (last heartbeat: 2025-06-16 00:06:14.467068 +0900 JST m=+1612.119109084)
2025/06/16 00:18:52 server.go:108: DataNode datanode2 marked as dead (last heartbeat: 2025-06-16 00:05:54.943733 +0900 JST m=+1592.595464251)
2025/06/16 00:18:52 replication.go:65: Checking replication status...
2025/06/16 00:18:52 replication.go:100: Checking 6 chunks for under-replication
